<?xml version="1.0" encoding="UTF-8"?>
<testsuite xmlns:xsi="http://www.w3.org/2001/XMLSchema-instance" xsi:noNamespaceSchemaLocation="https://maven.apache.org/surefire/maven-surefire-plugin/xsd/surefire-test-report.xsd" name="com.cy.jt.TestMaven" time="0" tests="1" errors="0" skipped="0" failures="0">
  <properties>
    <property name="sun.desktop" value="windows"/>
    <property name="awt.toolkit" value="sun.awt.windows.WToolkit"/>
    <property name="file.encoding.pkg" value="sun.io"/>
    <property name="java.specification.version" value="1.8"/>
    <property name="sun.cpu.isalist" value="amd64"/>
    <property name="sun.jnu.encoding" value="GBK"/>
    <property name="java.class.path" value="E:\springsecurity\day01\target\test-classes;E:\springsecurity\day01\target\classes;D:\maven\apache-maven-3.8.1-bin\repository\org\springframework\boot\spring-boot-starter-web\2.3.2.RELEASE\spring-boot-starter-web-2.3.2.RELEASE.jar;D:\maven\apache-maven-3.8.1-bin\repository\org\springframework\boot\spring-boot-starter\2.3.2.RELEASE\spring-boot-starter-2.3.2.RELEASE.jar;D:\maven\apache-maven-3.8.1-bin\repository\org\springframework\boot\spring-boot\2.3.2.RELEASE\spring-boot-2.3.2.RELEASE.jar;D:\maven\apache-maven-3.8.1-bin\repository\org\springframework\boot\spring-boot-autoconfigure\2.3.2.RELEASE\spring-boot-autoconfigure-2.3.2.RELEASE.jar;D:\maven\apache-maven-3.8.1-bin\repository\org\springframework\boot\spring-boot-starter-logging\2.3.2.RELEASE\spring-boot-starter-logging-2.3.2.RELEASE.jar;D:\maven\apache-maven-3.8.1-bin\repository\ch\qos\logback\logback-classic\1.2.3\logback-classic-1.2.3.jar;D:\maven\apache-maven-3.8.1-bin\repository\ch\qos\logback\logback-core\1.2.3\logback-core-1.2.3.jar;D:\maven\apache-maven-3.8.1-bin\repository\org\apache\logging\log4j\log4j-to-slf4j\2.13.3\log4j-to-slf4j-2.13.3.jar;D:\maven\apache-maven-3.8.1-bin\repository\org\apache\logging\log4j\log4j-api\2.13.3\log4j-api-2.13.3.jar;D:\maven\apache-maven-3.8.1-bin\repository\org\slf4j\jul-to-slf4j\1.7.30\jul-to-slf4j-1.7.30.jar;D:\maven\apache-maven-3.8.1-bin\repository\jakarta\annotation\jakarta.annotation-api\1.3.5\jakarta.annotation-api-1.3.5.jar;D:\maven\apache-maven-3.8.1-bin\repository\org\yaml\snakeyaml\1.26\snakeyaml-1.26.jar;D:\maven\apache-maven-3.8.1-bin\repository\org\springframework\boot\spring-boot-starter-json\2.3.2.RELEASE\spring-boot-starter-json-2.3.2.RELEASE.jar;D:\maven\apache-maven-3.8.1-bin\repository\com\fasterxml\jackson\core\jackson-databind\2.11.1\jackson-databind-2.11.1.jar;D:\maven\apache-maven-3.8.1-bin\repository\com\fasterxml\jackson\core\jackson-annotations\2.11.1\jackson-annotations-2.11.1.jar;D:\maven\apache-maven-3.8.1-bin\repository\com\fasterxml\jackson\core\jackson-core\2.11.1\jackson-core-2.11.1.jar;D:\maven\apache-maven-3.8.1-bin\repository\com\fasterxml\jackson\datatype\jackson-datatype-jdk8\2.11.1\jackson-datatype-jdk8-2.11.1.jar;D:\maven\apache-maven-3.8.1-bin\repository\com\fasterxml\jackson\datatype\jackson-datatype-jsr310\2.11.1\jackson-datatype-jsr310-2.11.1.jar;D:\maven\apache-maven-3.8.1-bin\repository\com\fasterxml\jackson\module\jackson-module-parameter-names\2.11.1\jackson-module-parameter-names-2.11.1.jar;D:\maven\apache-maven-3.8.1-bin\repository\org\springframework\boot\spring-boot-starter-tomcat\2.3.2.RELEASE\spring-boot-starter-tomcat-2.3.2.RELEASE.jar;D:\maven\apache-maven-3.8.1-bin\repository\org\apache\tomcat\embed\tomcat-embed-core\9.0.37\tomcat-embed-core-9.0.37.jar;D:\maven\apache-maven-3.8.1-bin\repository\org\glassfish\jakarta.el\3.0.3\jakarta.el-3.0.3.jar;D:\maven\apache-maven-3.8.1-bin\repository\org\apache\tomcat\embed\tomcat-embed-websocket\9.0.37\tomcat-embed-websocket-9.0.37.jar;D:\maven\apache-maven-3.8.1-bin\repository\org\springframework\spring-web\5.2.8.RELEASE\spring-web-5.2.8.RELEASE.jar;D:\maven\apache-maven-3.8.1-bin\repository\org\springframework\spring-beans\5.2.8.RELEASE\spring-beans-5.2.8.RELEASE.jar;D:\maven\apache-maven-3.8.1-bin\repository\org\springframework\spring-webmvc\5.2.8.RELEASE\spring-webmvc-5.2.8.RELEASE.jar;D:\maven\apache-maven-3.8.1-bin\repository\org\springframework\spring-context\5.2.8.RELEASE\spring-context-5.2.8.RELEASE.jar;D:\maven\apache-maven-3.8.1-bin\repository\org\springframework\spring-expression\5.2.8.RELEASE\spring-expression-5.2.8.RELEASE.jar;D:\maven\apache-maven-3.8.1-bin\repository\org\springframework\boot\spring-boot-starter-security\2.3.2.RELEASE\spring-boot-starter-security-2.3.2.RELEASE.jar;D:\maven\apache-maven-3.8.1-bin\repository\org\springframework\spring-aop\5.2.8.RELEASE\spring-aop-5.2.8.RELEASE.jar;D:\maven\apache-maven-3.8.1-bin\repository\org\springframework\security\spring-security-config\5.3.3.RELEASE\spring-security-config-5.3.3.RELEASE.jar;D:\maven\apache-maven-3.8.1-bin\repository\org\springframework\security\spring-security-core\5.3.3.RELEASE\spring-security-core-5.3.3.RELEASE.jar;D:\maven\apache-maven-3.8.1-bin\repository\org\springframework\security\spring-security-web\5.3.3.RELEASE\spring-security-web-5.3.3.RELEASE.jar;D:\maven\apache-maven-3.8.1-bin\repository\org\springframework\boot\spring-boot-starter-test\2.3.2.RELEASE\spring-boot-starter-test-2.3.2.RELEASE.jar;D:\maven\apache-maven-3.8.1-bin\repository\org\springframework\boot\spring-boot-test\2.3.2.RELEASE\spring-boot-test-2.3.2.RELEASE.jar;D:\maven\apache-maven-3.8.1-bin\repository\org\springframework\boot\spring-boot-test-autoconfigure\2.3.2.RELEASE\spring-boot-test-autoconfigure-2.3.2.RELEASE.jar;D:\maven\apache-maven-3.8.1-bin\repository\com\jayway\jsonpath\json-path\2.4.0\json-path-2.4.0.jar;D:\maven\apache-maven-3.8.1-bin\repository\net\minidev\json-smart\2.3\json-smart-2.3.jar;D:\maven\apache-maven-3.8.1-bin\repository\net\minidev\accessors-smart\1.2\accessors-smart-1.2.jar;D:\maven\apache-maven-3.8.1-bin\repository\org\ow2\asm\asm\5.0.4\asm-5.0.4.jar;D:\maven\apache-maven-3.8.1-bin\repository\org\slf4j\slf4j-api\1.7.30\slf4j-api-1.7.30.jar;D:\maven\apache-maven-3.8.1-bin\repository\jakarta\xml\bind\jakarta.xml.bind-api\2.3.3\jakarta.xml.bind-api-2.3.3.jar;D:\maven\apache-maven-3.8.1-bin\repository\jakarta\activation\jakarta.activation-api\1.2.2\jakarta.activation-api-1.2.2.jar;D:\maven\apache-maven-3.8.1-bin\repository\org\assertj\assertj-core\3.16.1\assertj-core-3.16.1.jar;D:\maven\apache-maven-3.8.1-bin\repository\org\hamcrest\hamcrest\2.2\hamcrest-2.2.jar;D:\maven\apache-maven-3.8.1-bin\repository\org\junit\jupiter\junit-jupiter\5.6.2\junit-jupiter-5.6.2.jar;D:\maven\apache-maven-3.8.1-bin\repository\org\junit\jupiter\junit-jupiter-api\5.6.2\junit-jupiter-api-5.6.2.jar;D:\maven\apache-maven-3.8.1-bin\repository\org\opentest4j\opentest4j\1.2.0\opentest4j-1.2.0.jar;D:\maven\apache-maven-3.8.1-bin\repository\org\junit\platform\junit-platform-commons\1.6.2\junit-platform-commons-1.6.2.jar;D:\maven\apache-maven-3.8.1-bin\repository\org\junit\jupiter\junit-jupiter-params\5.6.2\junit-jupiter-params-5.6.2.jar;D:\maven\apache-maven-3.8.1-bin\repository\org\junit\jupiter\junit-jupiter-engine\5.6.2\junit-jupiter-engine-5.6.2.jar;D:\maven\apache-maven-3.8.1-bin\repository\org\junit\vintage\junit-vintage-engine\5.6.2\junit-vintage-engine-5.6.2.jar;D:\maven\apache-maven-3.8.1-bin\repository\org\apiguardian\apiguardian-api\1.1.0\apiguardian-api-1.1.0.jar;D:\maven\apache-maven-3.8.1-bin\repository\org\junit\platform\junit-platform-engine\1.6.2\junit-platform-engine-1.6.2.jar;D:\maven\apache-maven-3.8.1-bin\repository\junit\junit\4.13\junit-4.13.jar;D:\maven\apache-maven-3.8.1-bin\repository\org\mockito\mockito-core\3.3.3\mockito-core-3.3.3.jar;D:\maven\apache-maven-3.8.1-bin\repository\net\bytebuddy\byte-buddy\1.10.13\byte-buddy-1.10.13.jar;D:\maven\apache-maven-3.8.1-bin\repository\net\bytebuddy\byte-buddy-agent\1.10.13\byte-buddy-agent-1.10.13.jar;D:\maven\apache-maven-3.8.1-bin\repository\org\objenesis\objenesis\2.6\objenesis-2.6.jar;D:\maven\apache-maven-3.8.1-bin\repository\org\mockito\mockito-junit-jupiter\3.3.3\mockito-junit-jupiter-3.3.3.jar;D:\maven\apache-maven-3.8.1-bin\repository\org\skyscreamer\jsonassert\1.5.0\jsonassert-1.5.0.jar;D:\maven\apache-maven-3.8.1-bin\repository\com\vaadin\external\google\android-json\0.0.20131108.vaadin1\android-json-0.0.20131108.vaadin1.jar;D:\maven\apache-maven-3.8.1-bin\repository\org\springframework\spring-core\5.2.8.RELEASE\spring-core-5.2.8.RELEASE.jar;D:\maven\apache-maven-3.8.1-bin\repository\org\springframework\spring-jcl\5.2.8.RELEASE\spring-jcl-5.2.8.RELEASE.jar;D:\maven\apache-maven-3.8.1-bin\repository\org\springframework\spring-test\5.2.8.RELEASE\spring-test-5.2.8.RELEASE.jar;D:\maven\apache-maven-3.8.1-bin\repository\org\xmlunit\xmlunit-core\2.7.0\xmlunit-core-2.7.0.jar;"/>
    <property name="java.vm.vendor" value="Oracle Corporation"/>
    <property name="sun.arch.data.model" value="64"/>
    <property name="user.variant" value=""/>
    <property name="java.vendor.url" value="http://java.oracle.com/"/>
    <property name="user.timezone" value="Asia/Shanghai"/>
    <property name="java.vm.specification.version" value="1.8"/>
    <property name="os.name" value="Windows 10"/>
    <property name="user.country" value="CN"/>
    <property name="sun.java.launcher" value="SUN_STANDARD"/>
    <property name="sun.boot.library.path" value="D:\Java\jre\bin"/>
    <property name="sun.java.command" value="C:\Users\86181\AppData\Local\Temp\surefire375477306246191863\surefirebooter801422630534812263.jar C:\Users\86181\AppData\Local\Temp\surefire375477306246191863 2021-08-01T10-18-29_124-jvmRun1 surefire1698860422728810468tmp surefire_03557819136861620735tmp"/>
    <property name="surefire.test.class.path" value="E:\springsecurity\day01\target\test-classes;E:\springsecurity\day01\target\classes;D:\maven\apache-maven-3.8.1-bin\repository\org\springframework\boot\spring-boot-starter-web\2.3.2.RELEASE\spring-boot-starter-web-2.3.2.RELEASE.jar;D:\maven\apache-maven-3.8.1-bin\repository\org\springframework\boot\spring-boot-starter\2.3.2.RELEASE\spring-boot-starter-2.3.2.RELEASE.jar;D:\maven\apache-maven-3.8.1-bin\repository\org\springframework\boot\spring-boot\2.3.2.RELEASE\spring-boot-2.3.2.RELEASE.jar;D:\maven\apache-maven-3.8.1-bin\repository\org\springframework\boot\spring-boot-autoconfigure\2.3.2.RELEASE\spring-boot-autoconfigure-2.3.2.RELEASE.jar;D:\maven\apache-maven-3.8.1-bin\repository\org\springframework\boot\spring-boot-starter-logging\2.3.2.RELEASE\spring-boot-starter-logging-2.3.2.RELEASE.jar;D:\maven\apache-maven-3.8.1-bin\repository\ch\qos\logback\logback-classic\1.2.3\logback-classic-1.2.3.jar;D:\maven\apache-maven-3.8.1-bin\repository\ch\qos\logback\logback-core\1.2.3\logback-core-1.2.3.jar;D:\maven\apache-maven-3.8.1-bin\repository\org\apache\logging\log4j\log4j-to-slf4j\2.13.3\log4j-to-slf4j-2.13.3.jar;D:\maven\apache-maven-3.8.1-bin\repository\org\apache\logging\log4j\log4j-api\2.13.3\log4j-api-2.13.3.jar;D:\maven\apache-maven-3.8.1-bin\repository\org\slf4j\jul-to-slf4j\1.7.30\jul-to-slf4j-1.7.30.jar;D:\maven\apache-maven-3.8.1-bin\repository\jakarta\annotation\jakarta.annotation-api\1.3.5\jakarta.annotation-api-1.3.5.jar;D:\maven\apache-maven-3.8.1-bin\repository\org\yaml\snakeyaml\1.26\snakeyaml-1.26.jar;D:\maven\apache-maven-3.8.1-bin\repository\org\springframework\boot\spring-boot-starter-json\2.3.2.RELEASE\spring-boot-starter-json-2.3.2.RELEASE.jar;D:\maven\apache-maven-3.8.1-bin\repository\com\fasterxml\jackson\core\jackson-databind\2.11.1\jackson-databind-2.11.1.jar;D:\maven\apache-maven-3.8.1-bin\repository\com\fasterxml\jackson\core\jackson-annotations\2.11.1\jackson-annotations-2.11.1.jar;D:\maven\apache-maven-3.8.1-bin\repository\com\fasterxml\jackson\core\jackson-core\2.11.1\jackson-core-2.11.1.jar;D:\maven\apache-maven-3.8.1-bin\repository\com\fasterxml\jackson\datatype\jackson-datatype-jdk8\2.11.1\jackson-datatype-jdk8-2.11.1.jar;D:\maven\apache-maven-3.8.1-bin\repository\com\fasterxml\jackson\datatype\jackson-datatype-jsr310\2.11.1\jackson-datatype-jsr310-2.11.1.jar;D:\maven\apache-maven-3.8.1-bin\repository\com\fasterxml\jackson\module\jackson-module-parameter-names\2.11.1\jackson-module-parameter-names-2.11.1.jar;D:\maven\apache-maven-3.8.1-bin\repository\org\springframework\boot\spring-boot-starter-tomcat\2.3.2.RELEASE\spring-boot-starter-tomcat-2.3.2.RELEASE.jar;D:\maven\apache-maven-3.8.1-bin\repository\org\apache\tomcat\embed\tomcat-embed-core\9.0.37\tomcat-embed-core-9.0.37.jar;D:\maven\apache-maven-3.8.1-bin\repository\org\glassfish\jakarta.el\3.0.3\jakarta.el-3.0.3.jar;D:\maven\apache-maven-3.8.1-bin\repository\org\apache\tomcat\embed\tomcat-embed-websocket\9.0.37\tomcat-embed-websocket-9.0.37.jar;D:\maven\apache-maven-3.8.1-bin\repository\org\springframework\spring-web\5.2.8.RELEASE\spring-web-5.2.8.RELEASE.jar;D:\maven\apache-maven-3.8.1-bin\repository\org\springframework\spring-beans\5.2.8.RELEASE\spring-beans-5.2.8.RELEASE.jar;D:\maven\apache-maven-3.8.1-bin\repository\org\springframework\spring-webmvc\5.2.8.RELEASE\spring-webmvc-5.2.8.RELEASE.jar;D:\maven\apache-maven-3.8.1-bin\repository\org\springframework\spring-context\5.2.8.RELEASE\spring-context-5.2.8.RELEASE.jar;D:\maven\apache-maven-3.8.1-bin\repository\org\springframework\spring-expression\5.2.8.RELEASE\spring-expression-5.2.8.RELEASE.jar;D:\maven\apache-maven-3.8.1-bin\repository\org\springframework\boot\spring-boot-starter-security\2.3.2.RELEASE\spring-boot-starter-security-2.3.2.RELEASE.jar;D:\maven\apache-maven-3.8.1-bin\repository\org\springframework\spring-aop\5.2.8.RELEASE\spring-aop-5.2.8.RELEASE.jar;D:\maven\apache-maven-3.8.1-bin\repository\org\springframework\security\spring-security-config\5.3.3.RELEASE\spring-security-config-5.3.3.RELEASE.jar;D:\maven\apache-maven-3.8.1-bin\repository\org\springframework\security\spring-security-core\5.3.3.RELEASE\spring-security-core-5.3.3.RELEASE.jar;D:\maven\apache-maven-3.8.1-bin\repository\org\springframework\security\spring-security-web\5.3.3.RELEASE\spring-security-web-5.3.3.RELEASE.jar;D:\maven\apache-maven-3.8.1-bin\repository\org\springframework\boot\spring-boot-starter-test\2.3.2.RELEASE\spring-boot-starter-test-2.3.2.RELEASE.jar;D:\maven\apache-maven-3.8.1-bin\repository\org\springframework\boot\spring-boot-test\2.3.2.RELEASE\spring-boot-test-2.3.2.RELEASE.jar;D:\maven\apache-maven-3.8.1-bin\repository\org\springframework\boot\spring-boot-test-autoconfigure\2.3.2.RELEASE\spring-boot-test-autoconfigure-2.3.2.RELEASE.jar;D:\maven\apache-maven-3.8.1-bin\repository\com\jayway\jsonpath\json-path\2.4.0\json-path-2.4.0.jar;D:\maven\apache-maven-3.8.1-bin\repository\net\minidev\json-smart\2.3\json-smart-2.3.jar;D:\maven\apache-maven-3.8.1-bin\repository\net\minidev\accessors-smart\1.2\accessors-smart-1.2.jar;D:\maven\apache-maven-3.8.1-bin\repository\org\ow2\asm\asm\5.0.4\asm-5.0.4.jar;D:\maven\apache-maven-3.8.1-bin\repository\org\slf4j\slf4j-api\1.7.30\slf4j-api-1.7.30.jar;D:\maven\apache-maven-3.8.1-bin\repository\jakarta\xml\bind\jakarta.xml.bind-api\2.3.3\jakarta.xml.bind-api-2.3.3.jar;D:\maven\apache-maven-3.8.1-bin\repository\jakarta\activation\jakarta.activation-api\1.2.2\jakarta.activation-api-1.2.2.jar;D:\maven\apache-maven-3.8.1-bin\repository\org\assertj\assertj-core\3.16.1\assertj-core-3.16.1.jar;D:\maven\apache-maven-3.8.1-bin\repository\org\hamcrest\hamcrest\2.2\hamcrest-2.2.jar;D:\maven\apache-maven-3.8.1-bin\repository\org\junit\jupiter\junit-jupiter\5.6.2\junit-jupiter-5.6.2.jar;D:\maven\apache-maven-3.8.1-bin\repository\org\junit\jupiter\junit-jupiter-api\5.6.2\junit-jupiter-api-5.6.2.jar;D:\maven\apache-maven-3.8.1-bin\repository\org\opentest4j\opentest4j\1.2.0\opentest4j-1.2.0.jar;D:\maven\apache-maven-3.8.1-bin\repository\org\junit\platform\junit-platform-commons\1.6.2\junit-platform-commons-1.6.2.jar;D:\maven\apache-maven-3.8.1-bin\repository\org\junit\jupiter\junit-jupiter-params\5.6.2\junit-jupiter-params-5.6.2.jar;D:\maven\apache-maven-3.8.1-bin\repository\org\junit\jupiter\junit-jupiter-engine\5.6.2\junit-jupiter-engine-5.6.2.jar;D:\maven\apache-maven-3.8.1-bin\repository\org\junit\vintage\junit-vintage-engine\5.6.2\junit-vintage-engine-5.6.2.jar;D:\maven\apache-maven-3.8.1-bin\repository\org\apiguardian\apiguardian-api\1.1.0\apiguardian-api-1.1.0.jar;D:\maven\apache-maven-3.8.1-bin\repository\org\junit\platform\junit-platform-engine\1.6.2\junit-platform-engine-1.6.2.jar;D:\maven\apache-maven-3.8.1-bin\repository\junit\junit\4.13\junit-4.13.jar;D:\maven\apache-maven-3.8.1-bin\repository\org\mockito\mockito-core\3.3.3\mockito-core-3.3.3.jar;D:\maven\apache-maven-3.8.1-bin\repository\net\bytebuddy\byte-buddy\1.10.13\byte-buddy-1.10.13.jar;D:\maven\apache-maven-3.8.1-bin\repository\net\bytebuddy\byte-buddy-agent\1.10.13\byte-buddy-agent-1.10.13.jar;D:\maven\apache-maven-3.8.1-bin\repository\org\objenesis\objenesis\2.6\objenesis-2.6.jar;D:\maven\apache-maven-3.8.1-bin\repository\org\mockito\mockito-junit-jupiter\3.3.3\mockito-junit-jupiter-3.3.3.jar;D:\maven\apache-maven-3.8.1-bin\repository\org\skyscreamer\jsonassert\1.5.0\jsonassert-1.5.0.jar;D:\maven\apache-maven-3.8.1-bin\repository\com\vaadin\external\google\android-json\0.0.20131108.vaadin1\android-json-0.0.20131108.vaadin1.jar;D:\maven\apache-maven-3.8.1-bin\repository\org\springframework\spring-core\5.2.8.RELEASE\spring-core-5.2.8.RELEASE.jar;D:\maven\apache-maven-3.8.1-bin\repository\org\springframework\spring-jcl\5.2.8.RELEASE\spring-jcl-5.2.8.RELEASE.jar;D:\maven\apache-maven-3.8.1-bin\repository\org\springframework\spring-test\5.2.8.RELEASE\spring-test-5.2.8.RELEASE.jar;D:\maven\apache-maven-3.8.1-bin\repository\org\xmlunit\xmlunit-core\2.7.0\xmlunit-core-2.7.0.jar;"/>
    <property name="sun.cpu.endian" value="little"/>
    <property name="user.home" value="C:\Users\86181"/>
    <property name="user.language" value="zh"/>
    <property name="java.specification.vendor" value="Oracle Corporation"/>
    <property name="java.home" value="D:\Java\jre"/>
    <property name="basedir" value="E:\springsecurity\day01"/>
    <property name="file.separator" value="\"/>
    <property name="line.separator" value="&#10;"/>
    <property name="java.vm.specification.vendor" value="Oracle Corporation"/>
    <property name="java.specification.name" value="Java Platform API Specification"/>
    <property name="java.awt.graphicsenv" value="sun.awt.Win32GraphicsEnvironment"/>
    <property name="surefire.real.class.path" value="C:\Users\86181\AppData\Local\Temp\surefire375477306246191863\surefirebooter801422630534812263.jar"/>
    <property name="sun.boot.class.path" value="D:\Java\jre\lib\resources.jar;D:\Java\jre\lib\rt.jar;D:\Java\jre\lib\sunrsasign.jar;D:\Java\jre\lib\jsse.jar;D:\Java\jre\lib\jce.jar;D:\Java\jre\lib\charsets.jar;D:\Java\jre\lib\jfr.jar;D:\Java\jre\classes"/>
    <property name="user.script" value=""/>
    <property name="sun.management.compiler" value="HotSpot 64-Bit Tiered Compilers"/>
    <property name="java.runtime.version" value="1.8.0_161-b12"/>
    <property name="user.name" value="86181"/>
    <property name="path.separator" value=";"/>
    <property name="os.version" value="10.0"/>
    <property name="java.endorsed.dirs" value="D:\Java\jre\lib\endorsed"/>
    <property name="java.runtime.name" value="Java(TM) SE Runtime Environment"/>
    <property name="file.encoding" value="GBK"/>
    <property name="java.vm.name" value="Java HotSpot(TM) 64-Bit Server VM"/>
    <property name="localRepository" value="D:\maven\apache-maven-3.8.1-bin\repository"/>
    <property name="java.vendor.url.bug" value="http://bugreport.sun.com/bugreport/"/>
    <property name="java.io.tmpdir" value="C:\Users\86181\AppData\Local\Temp\"/>
    <property name="idea.version" value="2021.1.1"/>
    <property name="java.version" value="1.8.0_161"/>
    <property name="user.dir" value="E:\springsecurity\day01"/>
    <property name="os.arch" value="amd64"/>
    <property name="java.vm.specification.name" value="Java Virtual Machine Specification"/>
    <property name="java.awt.printerjob" value="sun.awt.windows.WPrinterJob"/>
    <property name="sun.os.patch.level" value=""/>
    <property name="java.library.path" value="D:\Java\jre\bin;C:\Windows\Sun\Java\bin;C:\Windows\system32;C:\Windows;C:\ProgramData\Oracle\Java\javapath;C:\Windows\system32;C:\Windows;C:\Windows\System32\Wbem;C:\Windows\System32\WindowsPowerShell\v1.0\;C:\Windows\System32\OpenSSH\;C:\Program Files (x86)\NVIDIA Corporation\PhysX\Common;C:\Program Files\NVIDIA Corporation\NVIDIA NvDLISR;D:\jdk\bin;D:\mariadb\mariaDB\bin;D:\nodo\;D:\git\Git\cmd;C:\Users\86181\AppData\Local\Microsoft\WindowsApps;C:\Users\86181\AppData\Roaming\npm;."/>
    <property name="java.vm.info" value="mixed mode"/>
    <property name="java.vendor" value="Oracle Corporation"/>
    <property name="java.vm.version" value="25.161-b12"/>
    <property name="java.ext.dirs" value="D:\Java\jre\lib\ext;C:\Windows\Sun\Java\lib\ext"/>
    <property name="sun.io.unicode.encoding" value="UnicodeLittle"/>
    <property name="maven.repo.local" value="D:\maven\apache-maven-3.8.1-bin\repository"/>
    <property name="java.class.version" value="52.0"/>
  </properties>
  <testcase name="testHello" classname="com.cy.jt.TestMaven" time="0"/>
</testsuite>